<?xml version="1.0" encoding="UTF-8"?>
<!-- Generated by org.testng.reporters.JUnitXMLReporter -->
<testsuite ignored="0" hostname="DESKTOP-B12UCJL" failures="0" tests="5" name="Default test" time="54.101" errors="0" timestamp="2022-03-21T19:38:45 IST">
  <testcase classname="com.org.RegistrationTest" name="launchChrome" time="19.517"/>
  <testcase classname="com.org.RegistrationTest" name="login" time="1.34"/>
  <testcase classname="com.org.RegistrationTest" name="register" time="1.377"/>
  <testcase classname="com.org.RegistrationTest" name="search" time="0.547"/>
  <testcase classname="com.org.RegistrationTest" name="addToCart" time="31.238"/>
</testsuite> <!-- Default test -->
