<?xml version="1.0" encoding="UTF-8"?>
<testng-results ignored="0" total="5" passed="5" failed="0" skipped="0">
  <reporter-output>
  </reporter-output>
  <suite started-at="2022-03-21T19:54:47 IST" name="MySuite" finished-at="2022-03-21T19:55:28 IST" duration-ms="41653">
    <groups>
      <group name="Chrome">
        <method signature="RegistrationTest.launchChrome()[pri:0, instance:com.org.RegistrationTest@1d9b7cce]" name="launchChrome" class="com.org.RegistrationTest"/>
        <method signature="RegistrationTest.login()[pri:0, instance:com.org.RegistrationTest@1d9b7cce]" name="login" class="com.org.RegistrationTest"/>
        <method signature="RegistrationTest.register()[pri:0, instance:com.org.RegistrationTest@1d9b7cce]" name="register" class="com.org.RegistrationTest"/>
        <method signature="RegistrationTest.search()[pri:0, instance:com.org.RegistrationTest@1d9b7cce]" name="search" class="com.org.RegistrationTest"/>
        <method signature="RegistrationTest.addToCart()[pri:0, instance:com.org.RegistrationTest@1d9b7cce]" name="addToCart" class="com.org.RegistrationTest"/>
      </group> <!-- Chrome -->
    </groups>
    <test started-at="2022-03-21T19:54:47 IST" name="MyTest" finished-at="2022-03-21T19:55:28 IST" duration-ms="41653">
      <class name="com.org.RegistrationTest">
        <test-method signature="launchChrome()[pri:0, instance:com.org.RegistrationTest@1d9b7cce]" started-at="2022-03-21T19:54:47 IST" name="launchChrome" finished-at="2022-03-21T19:55:22 IST" duration-ms="35075" status="PASS">
          <reporter-output>
          </reporter-output>
        </test-method> <!-- launchChrome -->
        <test-method signature="login()[pri:0, instance:com.org.RegistrationTest@1d9b7cce]" started-at="2022-03-21T19:55:22 IST" name="login" finished-at="2022-03-21T19:55:23 IST" depends-on-methods="com.org.RegistrationTest.launchChrome" duration-ms="1408" status="PASS">
          <reporter-output>
          </reporter-output>
        </test-method> <!-- login -->
        <test-method signature="register()[pri:0, instance:com.org.RegistrationTest@1d9b7cce]" started-at="2022-03-21T19:55:23 IST" name="register" finished-at="2022-03-21T19:55:25 IST" depends-on-methods="com.org.RegistrationTest.login" duration-ms="1237" status="PASS">
          <reporter-output>
          </reporter-output>
        </test-method> <!-- register -->
        <test-method signature="search()[pri:0, instance:com.org.RegistrationTest@1d9b7cce]" started-at="2022-03-21T19:55:25 IST" name="search" finished-at="2022-03-21T19:55:25 IST" depends-on-methods="com.org.RegistrationTest.register" duration-ms="530" status="PASS">
          <reporter-output>
          </reporter-output>
        </test-method> <!-- search -->
        <test-method signature="addToCart()[pri:0, instance:com.org.RegistrationTest@1d9b7cce]" started-at="2022-03-21T19:55:25 IST" name="addToCart" finished-at="2022-03-21T19:55:28 IST" depends-on-methods="com.org.RegistrationTest.search" duration-ms="3225" status="PASS">
          <reporter-output>
          </reporter-output>
        </test-method> <!-- addToCart -->
      </class> <!-- com.org.RegistrationTest -->
    </test> <!-- MyTest -->
  </suite> <!-- MySuite -->
</testng-results>
