<?xml version="1.0" encoding="UTF-8"?>
<!-- Generated by org.testng.reporters.JUnitXMLReporter -->
<testsuite ignored="0" hostname="DESKTOP-B12UCJL" failures="0" tests="5" name="MyTest" time="41.653" errors="0" timestamp="2022-03-21T19:55:29 IST">
  <testcase classname="com.org.RegistrationTest" name="launchChrome" time="35.075"/>
  <testcase classname="com.org.RegistrationTest" name="login" time="1.408"/>
  <testcase classname="com.org.RegistrationTest" name="register" time="1.237"/>
  <testcase classname="com.org.RegistrationTest" name="search" time="0.53"/>
  <testcase classname="com.org.RegistrationTest" name="addToCart" time="3.225"/>
</testsuite> <!-- MyTest -->
